<?xml version="1.0" encoding="UTF-8"?>
<testng-results skipped="0" failed="0" total="1" passed="1">
  <reporter-output>
  </reporter-output>
  <suite name="Surefire suite" duration-ms="186" started-at="2018-02-16T09:10:21Z" finished-at="2018-02-16T09:10:21Z">
    <groups>
      <group name="cucumber">
        <method signature="AbstractTestNGCucumberTests.feature(cucumber.api.testng.CucumberFeatureWrapper)[pri:0, instance:CucumberTestrunner.TestRunner@59e84876]" name="feature" class="cucumber.api.testng.AbstractTestNGCucumberTests"/>
      </group> <!-- cucumber -->
    </groups>
    <test name="Surefire test" duration-ms="186" started-at="2018-02-16T09:10:21Z" finished-at="2018-02-16T09:10:21Z">
      <class name="CucumberTestrunner.TestRunner">
        <test-method status="PASS" signature="setUpClass()[pri:0, instance:CucumberTestrunner.TestRunner@59e84876]" name="setUpClass" is-config="true" duration-ms="132" started-at="2018-02-16T14:40:21Z" finished-at="2018-02-16T14:40:21Z">
          <reporter-output>
          </reporter-output>
        </test-method> <!-- setUpClass -->
        <test-method status="PASS" signature="feature(cucumber.api.testng.CucumberFeatureWrapper)[pri:0, instance:CucumberTestrunner.TestRunner@59e84876]" name="feature" duration-ms="2" started-at="2018-02-16T14:40:21Z" description="Runs Cucumber Feature" data-provider="features" finished-at="2018-02-16T14:40:21Z">
          <params>
            <param index="0">
              <value>
                <![CDATA[Search Flights One-Way]]>
              </value>
            </param>
          </params>
          <reporter-output>
          </reporter-output>
        </test-method> <!-- feature -->
        <test-method status="PASS" signature="tearDownClass()[pri:0, instance:CucumberTestrunner.TestRunner@59e84876]" name="tearDownClass" is-config="true" duration-ms="4" started-at="2018-02-16T14:40:21Z" finished-at="2018-02-16T14:40:21Z">
          <reporter-output>
          </reporter-output>
        </test-method> <!-- tearDownClass -->
      </class> <!-- CucumberTestrunner.TestRunner -->
    </test> <!-- Surefire test -->
  </suite> <!-- Surefire suite -->
</testng-results>
