<?xml version="1.0" encoding="UTF-8"?>
<testng-results skipped="0" failed="0" total="1" passed="1">
  <reporter-output>
  </reporter-output>
  <suite name="Default suite" duration-ms="173" started-at="2018-02-16T09:01:39Z" finished-at="2018-02-16T09:01:40Z">
    <groups>
      <group name="cucumber">
        <method signature="AbstractTestNGCucumberTests.feature(cucumber.api.testng.CucumberFeatureWrapper)[pri:0, instance:CucumberTestrunner.TestRunner@3c0ecd4b]" name="feature" class="cucumber.api.testng.AbstractTestNGCucumberTests"/>
      </group> <!-- cucumber -->
    </groups>
    <test name="Default test" duration-ms="173" started-at="2018-02-16T09:01:39Z" finished-at="2018-02-16T09:01:40Z">
      <class name="CucumberTestrunner.TestRunner">
        <test-method status="PASS" signature="setUpClass()[pri:0, instance:CucumberTestrunner.TestRunner@3c0ecd4b]" name="setUpClass" is-config="true" duration-ms="113" started-at="2018-02-16T14:31:39Z" finished-at="2018-02-16T14:31:40Z">
          <reporter-output>
          </reporter-output>
        </test-method> <!-- setUpClass -->
        <test-method status="PASS" signature="feature(cucumber.api.testng.CucumberFeatureWrapper)[pri:0, instance:CucumberTestrunner.TestRunner@3c0ecd4b]" name="feature" duration-ms="6" started-at="2018-02-16T14:31:40Z" description="Runs Cucumber Feature" data-provider="features" finished-at="2018-02-16T14:31:40Z">
          <params>
            <param index="0">
              <value>
                <![CDATA[Search Flights One-Way]]>
              </value>
            </param>
          </params>
          <reporter-output>
          </reporter-output>
        </test-method> <!-- feature -->
        <test-method status="PASS" signature="tearDownClass()[pri:0, instance:CucumberTestrunner.TestRunner@3c0ecd4b]" name="tearDownClass" is-config="true" duration-ms="9" started-at="2018-02-16T14:31:40Z" finished-at="2018-02-16T14:31:40Z">
          <reporter-output>
          </reporter-output>
        </test-method> <!-- tearDownClass -->
      </class> <!-- CucumberTestrunner.TestRunner -->
    </test> <!-- Default test -->
  </suite> <!-- Default suite -->
</testng-results>
