<?xml version="1.0" encoding="UTF-8"?>
<testng-results skipped="0" failed="0" total="1" passed="1">
  <reporter-output>
  </reporter-output>
  <suite name="Default suite" duration-ms="5626" started-at="2018-02-06T09:05:40Z" finished-at="2018-02-06T09:05:46Z">
    <groups>
      <group name="cucumber">
        <method signature="AbstractTestNGCucumberTests.feature(cucumber.api.testng.CucumberFeatureWrapper)[pri:0, instance:CucumberTestrunner.TestRunner@6a41eaa2]" name="feature" class="cucumber.api.testng.AbstractTestNGCucumberTests"/>
      </group> <!-- cucumber -->
    </groups>
    <test name="Default test" duration-ms="5626" started-at="2018-02-06T09:05:40Z" finished-at="2018-02-06T09:05:46Z">
      <class name="CucumberTestrunner.TestRunner">
        <test-method status="PASS" signature="setUpClass()[pri:0, instance:CucumberTestrunner.TestRunner@6a41eaa2]" name="setUpClass" is-config="true" duration-ms="142" started-at="2018-02-06T14:35:40Z" finished-at="2018-02-06T14:35:40Z">
          <reporter-output>
          </reporter-output>
        </test-method> <!-- setUpClass -->
        <test-method status="PASS" signature="feature(cucumber.api.testng.CucumberFeatureWrapper)[pri:0, instance:CucumberTestrunner.TestRunner@6a41eaa2]" name="feature" duration-ms="5428" started-at="2018-02-06T14:35:40Z" description="Runs Cucumber Feature" data-provider="features" finished-at="2018-02-06T14:35:46Z">
          <params>
            <param index="0">
              <value>
                <![CDATA[Defines what feature you will be testing in the tests below]]>
              </value>
            </param>
          </params>
          <reporter-output>
          </reporter-output>
        </test-method> <!-- feature -->
        <test-method status="PASS" signature="tearDownClass()[pri:0, instance:CucumberTestrunner.TestRunner@6a41eaa2]" name="tearDownClass" is-config="true" duration-ms="5" started-at="2018-02-06T14:35:46Z" finished-at="2018-02-06T14:35:46Z">
          <reporter-output>
          </reporter-output>
        </test-method> <!-- tearDownClass -->
      </class> <!-- CucumberTestrunner.TestRunner -->
    </test> <!-- Default test -->
  </suite> <!-- Default suite -->
</testng-results>
